<?xml version="1.0" encoding="UTF-8"?>
<!-- Generated by org.testng.reporters.JUnitReportReporter -->
<testsuite skipped="0" hostname="DESKTOP-VCAD1FM" name="testnge2e.factory.Test1" tests="2" failures="0" timestamp="11 May 2019 17:59:57 GMT" time="0.013" errors="0">
  <testcase name="test1" time="0.002" classname="testnge2e.factory.Test1"/>
  <testcase name="test1" time="0.011" classname="testnge2e.factory.Test1"/>
</testsuite> <!-- testnge2e.factory.Test1 -->
