<?xml version="1.0" encoding="UTF-8"?>
<!-- Generated by org.testng.reporters.JUnitReportReporter -->
<testsuite skipped="0" hostname="DESKTOP-VCAD1FM" name="testnge2e.factory.Test2" tests="1" failures="0" timestamp="11 May 2019 17:59:57 GMT" time="0.003" errors="0">
  <testcase name="test2" time="0.003" classname="testnge2e.factory.Test2"/>
</testsuite> <!-- testnge2e.factory.Test2 -->
